# JRE version: Java(TM) SE Runtime Environment (8.0_172-b11) (build 1.8.0_172-b11)
# Java VM: Java HotSpot(TM) 64-Bit Server VM (25.172-b11 mixed mode bsd-amd64 compressed oops)
Heap:
 PSYoungGen      total 271360K, used 22505K [0x0000000795580000, 0x00000007abe00000, 0x00000007c0000000)
  eden space 248832K, 0% used [0x0000000795580000,0x0000000795580000,0x00000007a4880000)
  from space 22528K, 99% used [0x00000007a4880000,0x00000007a5e7a5f0,0x00000007a5e80000)
  to   space 39936K, 0% used [0x00000007a9700000,0x00000007a9700000,0x00000007abe00000)
 ParOldGen       total 232960K, used 232921K [0x0000000740000000, 0x000000074e380000, 0x0000000795580000)
  object space 232960K, 99% used [0x0000000740000000,0x000000074e3765a0,0x000000074e380000)
 Metaspace       used 45466K, capacity 47614K, committed 47872K, reserved 1091584K
  class space    used 4977K, capacity 5347K, committed 5376K, reserved 1048576K
GC Heap History (10 events):
Event: 7843.751 GC heap after
Heap after GC invocations=287 (full 6):
 PSYoungGen      total 230400K, used 2560K [0x0000000795580000, 0x00000007a5c00000, 0x00000007c0000000)
  eden space 227840K, 0% used [0x0000000795580000,0x0000000795580000,0x00000007a3400000)
  from space 2560K, 100% used [0x00000007a4e00000,0x00000007a5080000,0x00000007a5080000)
  to   space 7168K, 0% used [0x00000007a5500000,0x00000007a5500000,0x00000007a5c00000)
 ParOldGen       total 216576K, used 164992K [0x0000000740000000, 0x000000074d380000, 0x0000000795580000)
  object space 216576K, 76% used [0x0000000740000000,0x000000074a120110,0x000000074d380000)
 Metaspace       used 45452K, capacity 47614K, committed 47872K, reserved 1091584K
  class space    used 4977K, capacity 5347K, committed 5376K, reserved 1048576K
}
Event: 7845.197 GC heap before
{Heap before GC invocations=288 (full 6):
 PSYoungGen      total 230400K, used 230400K [0x0000000795580000, 0x00000007a5c00000, 0x00000007c0000000)
  eden space 227840K, 100% used [0x0000000795580000,0x00000007a3400000,0x00000007a3400000)
  from space 2560K, 100% used [0x00000007a4e00000,0x00000007a5080000,0x00000007a5080000)
  to   space 7168K, 0% used [0x00000007a5500000,0x00000007a5500000,0x00000007a5c00000)
 ParOldGen       total 216576K, used 164992K [0x0000000740000000, 0x000000074d380000, 0x0000000795580000)
  object space 216576K, 76% used [0x0000000740000000,0x000000074a120110,0x000000074d380000)
 Metaspace       used 45452K, capacity 47614K, committed 47872K, reserved 1091584K
  class space    used 4977K, capacity 5347K, committed 5376K, reserved 1048576K
Event: 7845.209 GC heap after
Heap after GC invocations=288 (full 6):
 PSYoungGen      total 221184K, used 944K [0x0000000795580000, 0x00000007a5600000, 0x00000007c0000000)
  eden space 220160K, 0% used [0x0000000795580000,0x0000000795580000,0x00000007a2c80000)
  from space 1024K, 92% used [0x00000007a5500000,0x00000007a55ec010,0x00000007a5600000)
  to   space 6656K, 0% used [0x00000007a4900000,0x00000007a4900000,0x00000007a4f80000)
 ParOldGen       total 216576K, used 165888K [0x0000000740000000, 0x000000074d380000, 0x0000000795580000)
  object space 216576K, 76% used [0x0000000740000000,0x000000074a200110,0x000000074d380000)
 Metaspace       used 45452K, capacity 47614K, committed 47872K, reserved 1091584K
  class space    used 4977K, capacity 5347K, committed 5376K, reserved 1048576K
}
Event: 7847.196 GC heap before
{Heap before GC invocations=289 (full 6):
 PSYoungGen      total 221184K, used 221104K [0x0000000795580000, 0x00000007a5600000, 0x00000007c0000000)
  eden space 220160K, 100% used [0x0000000795580000,0x00000007a2c80000,0x00000007a2c80000)
  from space 1024K, 92% used [0x00000007a5500000,0x00000007a55ec010,0x00000007a5600000)
  to   space 6656K, 0% used [0x00000007a4900000,0x00000007a4900000,0x00000007a4f80000)
 ParOldGen       total 216576K, used 165888K [0x0000000740000000, 0x000000074d380000, 0x0000000795580000)
  object space 216576K, 76% used [0x0000000740000000,0x000000074a200110,0x000000074d380000)
 Metaspace       used 45464K, capacity 47614K, committed 47872K, reserved 1091584K
  class space    used 4977K, capacity 5347K, committed 5376K, reserved 1048576K
Event: 7847.309 GC heap after
Heap after GC invocations=289 (full 6):
 PSYoungGen      total 256000K, used 6646K [0x0000000795580000, 0x00000007a6d00000, 0x00000007c0000000)
  eden space 249344K, 0% used [0x0000000795580000,0x0000000795580000,0x00000007a4900000)
  from space 6656K, 99% used [0x00000007a4900000,0x00000007a4f7d890,0x00000007a4f80000)
  to   space 14848K, 0% used [0x00000007a5e80000,0x00000007a5e80000,0x00000007a6d00000)
 ParOldGen       total 216576K, used 184092K [0x0000000740000000, 0x000000074d380000, 0x0000000795580000)
  object space 216576K, 85% used [0x0000000740000000,0x000000074b3c73d0,0x000000074d380000)
 Metaspace       used 45464K, capacity 47614K, committed 47872K, reserved 1091584K
  class space    used 4977K, capacity 5347K, committed 5376K, reserved 1048576K
}
Event: 7852.895 GC heap before
{Heap before GC invocations=290 (full 6):
 PSYoungGen      total 256000K, used 255990K [0x0000000795580000, 0x00000007a6d00000, 0x00000007c0000000)
  eden space 249344K, 100% used [0x0000000795580000,0x00000007a4900000,0x00000007a4900000)
  from space 6656K, 99% used [0x00000007a4900000,0x00000007a4f7d890,0x00000007a4f80000)
  to   space 14848K, 0% used [0x00000007a5e80000,0x00000007a5e80000,0x00000007a6d00000)
 ParOldGen       total 216576K, used 184092K [0x0000000740000000, 0x000000074d380000, 0x0000000795580000)
  object space 216576K, 85% used [0x0000000740000000,0x000000074b3c73d0,0x000000074d380000)
 Metaspace       used 45465K, capacity 47614K, committed 47872K, reserved 1091584K
  class space    used 4977K, capacity 5347K, committed 5376K, reserved 1048576K
Event: 7852.985 GC heap after
Heap after GC invocations=290 (full 6):
 PSYoungGen      total 263680K, used 14841K [0x0000000795580000, 0x00000007a9d00000, 0x00000007c0000000)
  eden space 248832K, 0% used [0x0000000795580000,0x0000000795580000,0x00000007a4880000)
  from space 14848K, 99% used [0x00000007a5e80000,0x00000007a6cfe5f0,0x00000007a6d00000)
  to   space 22528K, 0% used [0x00000007a4880000,0x00000007a4880000,0x00000007a5e80000)
 ParOldGen       total 216576K, used 196952K [0x0000000740000000, 0x000000074d380000, 0x0000000795580000)
  object space 216576K, 90% used [0x0000000740000000,0x000000074c0563b8,0x000000074d380000)
 Metaspace       used 45465K, capacity 47614K, committed 47872K, reserved 1091584K
  class space    used 4977K, capacity 5347K, committed 5376K, reserved 1048576K
}
Event: 7886.878 GC heap before
{Heap before GC invocations=291 (full 6):
 PSYoungGen      total 263680K, used 263673K [0x0000000795580000, 0x00000007a9d00000, 0x00000007c0000000)
  eden space 248832K, 100% used [0x0000000795580000,0x00000007a4880000,0x00000007a4880000)
  from space 14848K, 99% used [0x00000007a5e80000,0x00000007a6cfe5f0,0x00000007a6d00000)
  to   space 22528K, 0% used [0x00000007a4880000,0x00000007a4880000,0x00000007a5e80000)
 ParOldGen       total 216576K, used 196952K [0x0000000740000000, 0x000000074d380000, 0x0000000795580000)
  object space 216576K, 90% used [0x0000000740000000,0x000000074c0563b8,0x000000074d380000)
 Metaspace       used 45466K, capacity 47614K, committed 47872K, reserved 1091584K
  class space    used 4977K, capacity 5347K, committed 5376K, reserved 1048576K
Event: 7887.288 GC heap after
Heap after GC invocations=291 (full 6):
 PSYoungGen      total 271360K, used 22505K [0x0000000795580000, 0x00000007abe00000, 0x00000007c0000000)
  eden space 248832K, 0% used [0x0000000795580000,0x0000000795580000,0x00000007a4880000)
  from space 22528K, 99% used [0x00000007a4880000,0x00000007a5e7a5f0,0x00000007a5e80000)
  to   space 39936K, 0% used [0x00000007a9700000,0x00000007a9700000,0x00000007abe00000)
 ParOldGen       total 232960K, used 232921K [0x0000000740000000, 0x000000074e380000, 0x0000000795580000)
  object space 232960K, 99% used [0x0000000740000000,0x000000074e3765a0,0x000000074e380000)
 Metaspace       used 45466K, capacity 47614K, committed 47872K, reserved 1091584K
  class space    used 4977K, capacity 5347K, committed 5376K, reserved 1048576K
}
Event: 7887.288 GC heap before
{Heap before GC invocations=292 (full 7):
 PSYoungGen      total 271360K, used 22505K [0x0000000795580000, 0x00000007abe00000, 0x00000007c0000000)
  eden space 248832K, 0% used [0x0000000795580000,0x0000000795580000,0x00000007a4880000)
  from space 22528K, 99% used [0x00000007a4880000,0x00000007a5e7a5f0,0x00000007a5e80000)
  to   space 39936K, 0% used [0x00000007a9700000,0x00000007a9700000,0x00000007abe00000)
 ParOldGen       total 232960K, used 232921K [0x0000000740000000, 0x000000074e380000, 0x0000000795580000)
  object space 232960K, 99% used [0x0000000740000000,0x000000074e3765a0,0x000000074e380000)
 Metaspace       used 45466K, capacity 47614K, committed 47872K, reserved 1091584K
  class space    used 4977K, capacity 5347K, committed 5376K, reserved 1048576K

