# JRE version: Java(TM) SE Runtime Environment (8.0_172-b11) (build 1.8.0_172-b11)
# Java VM: Java HotSpot(TM) 64-Bit Server VM (25.172-b11 mixed mode bsd-amd64 compressed oops)
Heap:
 PSYoungGen      total 299520K, used 120189K [0x0000000795580000, 0x00000007aa480000, 0x00000007c0000000)
  eden space 257536K, 46% used [0x0000000795580000,0x000000079cb426a0,0x00000007a5100000)
  from space 41984K, 0% used [0x00000007a7a80000,0x00000007a7a80000,0x00000007aa380000)
  to   space 42496K, 0% used [0x00000007a5100000,0x00000007a5100000,0x00000007a7a80000)
 ParOldGen       total 184320K, used 60603K [0x0000000740000000, 0x000000074b400000, 0x0000000795580000)
  object space 184320K, 32% used [0x0000000740000000,0x0000000743b2ed88,0x000000074b400000)
 Metaspace       used 76912K, capacity 78652K, committed 79616K, reserved 1120256K
  class space    used 9130K, capacity 9474K, committed 9728K, reserved 1048576K
GC Heap History (10 events):
Event: 2250.792 GC heap before
{Heap before GC invocations=36 (full 3):
 PSYoungGen      total 315904K, used 307312K [0x0000000795580000, 0x00000007abd00000, 0x00000007c0000000)
  eden space 287232K, 100% used [0x0000000795580000,0x00000007a6e00000,0x00000007a6e00000)
  from space 28672K, 70% used [0x00000007aa100000,0x00000007ab49c0a0,0x00000007abd00000)
  to   space 40448K, 0% used [0x00000007a6e00000,0x00000007a6e00000,0x00000007a9580000)
 ParOldGen       total 184320K, used 68677K [0x0000000740000000, 0x000000074b400000, 0x0000000795580000)
  object space 184320K, 37% used [0x0000000740000000,0x0000000744311790,0x000000074b400000)
 Metaspace       used 76434K, capacity 78120K, committed 78336K, reserved 1118208K
  class space    used 9074K, capacity 9396K, committed 9472K, reserved 1048576K
Event: 2250.839 GC heap after
Heap after GC invocations=36 (full 3):
 PSYoungGen      total 289792K, used 12352K [0x0000000795580000, 0x00000007ab300000, 0x00000007c0000000)
  eden space 276992K, 0% used [0x0000000795580000,0x0000000795580000,0x00000007a6400000)
  from space 12800K, 96% used [0x00000007a6e00000,0x00000007a7a10080,0x00000007a7a80000)
  to   space 40448K, 0% used [0x00000007a8b80000,0x00000007a8b80000,0x00000007ab300000)
 ParOldGen       total 184320K, used 75766K [0x0000000740000000, 0x000000074b400000, 0x0000000795580000)
  object space 184320K, 41% used [0x0000000740000000,0x00000007449fd800,0x000000074b400000)
 Metaspace       used 76434K, capacity 78120K, committed 78336K, reserved 1118208K
  class space    used 9074K, capacity 9396K, committed 9472K, reserved 1048576K
}
Event: 2395.192 GC heap before
{Heap before GC invocations=37 (full 3):
 PSYoungGen      total 289792K, used 289344K [0x0000000795580000, 0x00000007ab300000, 0x00000007c0000000)
  eden space 276992K, 100% used [0x0000000795580000,0x00000007a6400000,0x00000007a6400000)
  from space 12800K, 96% used [0x00000007a6e00000,0x00000007a7a10080,0x00000007a7a80000)
  to   space 40448K, 0% used [0x00000007a8b80000,0x00000007a8b80000,0x00000007ab300000)
 ParOldGen       total 184320K, used 75766K [0x0000000740000000, 0x000000074b400000, 0x0000000795580000)
  object space 184320K, 41% used [0x0000000740000000,0x00000007449fd800,0x000000074b400000)
 Metaspace       used 76552K, capacity 78328K, committed 78592K, reserved 1118208K
  class space    used 9089K, capacity 9448K, committed 9472K, reserved 1048576K
Event: 2395.231 GC heap after
Heap after GC invocations=37 (full 3):
 PSYoungGen      total 300032K, used 6128K [0x0000000795580000, 0x00000007aab80000, 0x00000007c0000000)
  eden space 267264K, 0% used [0x0000000795580000,0x0000000795580000,0x00000007a5a80000)
  from space 32768K, 18% used [0x00000007a8b80000,0x00000007a917c0b0,0x00000007aab80000)
  to   space 41472K, 0% used [0x00000007a5a80000,0x00000007a5a80000,0x00000007a8300000)
 ParOldGen       total 184320K, used 82226K [0x0000000740000000, 0x000000074b400000, 0x0000000795580000)
  object space 184320K, 44% used [0x0000000740000000,0x000000074504c8b0,0x000000074b400000)
 Metaspace       used 76552K, capacity 78328K, committed 78592K, reserved 1118208K
  class space    used 9089K, capacity 9448K, committed 9472K, reserved 1048576K
}
Event: 2538.248 GC heap before
{Heap before GC invocations=38 (full 3):
 PSYoungGen      total 300032K, used 273392K [0x0000000795580000, 0x00000007aab80000, 0x00000007c0000000)
  eden space 267264K, 100% used [0x0000000795580000,0x00000007a5a80000,0x00000007a5a80000)
  from space 32768K, 18% used [0x00000007a8b80000,0x00000007a917c0b0,0x00000007aab80000)
  to   space 41472K, 0% used [0x00000007a5a80000,0x00000007a5a80000,0x00000007a8300000)
 ParOldGen       total 184320K, used 82226K [0x0000000740000000, 0x000000074b400000, 0x0000000795580000)
  object space 184320K, 44% used [0x0000000740000000,0x000000074504c8b0,0x000000074b400000)
 Metaspace       used 76741K, capacity 78708K, committed 78976K, reserved 1118208K
  class space    used 9112K, capacity 9490K, committed 9600K, reserved 1048576K
Event: 2538.271 GC heap after
Heap after GC invocations=38 (full 3):
 PSYoungGen      total 264192K, used 5696K [0x0000000795580000, 0x00000007aa380000, 0x00000007c0000000)
  eden space 258048K, 0% used [0x0000000795580000,0x0000000795580000,0x00000007a5180000)
  from space 6144K, 92% used [0x00000007a5a80000,0x00000007a60100c0,0x00000007a6080000)
  to   space 41984K, 0% used [0x00000007a7a80000,0x00000007a7a80000,0x00000007aa380000)
 ParOldGen       total 184320K, used 82626K [0x0000000740000000, 0x000000074b400000, 0x0000000795580000)
  object space 184320K, 44% used [0x0000000740000000,0x00000007450b0800,0x000000074b400000)
 Metaspace       used 76741K, capacity 78708K, committed 78976K, reserved 1118208K
  class space    used 9112K, capacity 9490K, committed 9600K, reserved 1048576K
}
Event: 2562.879 GC heap before
{Heap before GC invocations=39 (full 3):
 PSYoungGen      total 264192K, used 79319K [0x0000000795580000, 0x00000007aa380000, 0x00000007c0000000)
  eden space 258048K, 28% used [0x0000000795580000,0x0000000799d65e10,0x00000007a5180000)
  from space 6144K, 92% used [0x00000007a5a80000,0x00000007a60100c0,0x00000007a6080000)
  to   space 41984K, 0% used [0x00000007a7a80000,0x00000007a7a80000,0x00000007aa380000)
 ParOldGen       total 184320K, used 82626K [0x0000000740000000, 0x000000074b400000, 0x0000000795580000)
  object space 184320K, 44% used [0x0000000740000000,0x00000007450b0800,0x000000074b400000)
 Metaspace       used 76915K, capacity 78856K, committed 78976K, reserved 1118208K
  class space    used 9129K, capacity 9505K, committed 9600K, reserved 1048576K
Event: 2562.891 GC heap after
Heap after GC invocations=39 (full 3):
 PSYoungGen      total 299520K, used 3200K [0x0000000795580000, 0x00000007aa480000, 0x00000007c0000000)
  eden space 257536K, 0% used [0x0000000795580000,0x0000000795580000,0x00000007a5100000)
  from space 41984K, 7% used [0x00000007a7a80000,0x00000007a7da0000,0x00000007aa380000)
  to   space 42496K, 0% used [0x00000007a5100000,0x00000007a5100000,0x00000007a7a80000)
 ParOldGen       total 184320K, used 84210K [0x0000000740000000, 0x000000074b400000, 0x0000000795580000)
  object space 184320K, 45% used [0x0000000740000000,0x000000074523c820,0x000000074b400000)
 Metaspace       used 76915K, capacity 78856K, committed 78976K, reserved 1118208K
  class space    used 9129K, capacity 9505K, committed 9600K, reserved 1048576K
}
Event: 2562.891 GC heap before
{Heap before GC invocations=40 (full 4):
 PSYoungGen      total 299520K, used 3200K [0x0000000795580000, 0x00000007aa480000, 0x00000007c0000000)
  eden space 257536K, 0% used [0x0000000795580000,0x0000000795580000,0x00000007a5100000)
  from space 41984K, 7% used [0x00000007a7a80000,0x00000007a7da0000,0x00000007aa380000)
  to   space 42496K, 0% used [0x00000007a5100000,0x00000007a5100000,0x00000007a7a80000)
 ParOldGen       total 184320K, used 84210K [0x0000000740000000, 0x000000074b400000, 0x0000000795580000)
  object space 184320K, 45% used [0x0000000740000000,0x000000074523c820,0x000000074b400000)
 Metaspace       used 76915K, capacity 78856K, committed 78976K, reserved 1118208K
  class space    used 9129K, capacity 9505K, committed 9600K, reserved 1048576K
Event: 2563.926 GC heap after
Heap after GC invocations=40 (full 4):
 PSYoungGen      total 299520K, used 0K [0x0000000795580000, 0x00000007aa480000, 0x00000007c0000000)
  eden space 257536K, 0% used [0x0000000795580000,0x0000000795580000,0x00000007a5100000)
  from space 41984K, 0% used [0x00000007a7a80000,0x00000007a7a80000,0x00000007aa380000)
  to   space 42496K, 0% used [0x00000007a5100000,0x00000007a5100000,0x00000007a7a80000)
 ParOldGen       total 184320K, used 60603K [0x0000000740000000, 0x000000074b400000, 0x0000000795580000)
  object space 184320K, 32% used [0x0000000740000000,0x0000000743b2ed88,0x000000074b400000)
 Metaspace       used 76419K, capacity 78066K, committed 78976K, reserved 1118208K
  class space    used 9053K, capacity 9367K, committed 9600K, reserved 1048576K
}

