# JRE version: Java(TM) SE Runtime Environment (8.0_161-b12) (build 1.8.0_161-b12)
# Java VM: Java HotSpot(TM) 64-Bit Server VM (25.161-b12 mixed mode bsd-amd64 compressed oops)
Heap:
 PSYoungGen      total 268288K, used 3424K [0x0000000795580000, 0x00000007a8400000, 0x00000007c0000000)
  eden space 250880K, 0% used [0x0000000795580000,0x0000000795580000,0x00000007a4a80000)
  from space 17408K, 19% used [0x00000007a4a80000,0x00000007a4dd8010,0x00000007a5b80000)
  to   space 16384K, 0% used [0x00000007a7400000,0x00000007a7400000,0x00000007a8400000)
 ParOldGen       total 132608K, used 126548K [0x0000000740000000, 0x0000000748180000, 0x0000000795580000)
  object space 132608K, 95% used [0x0000000740000000,0x0000000747b95388,0x0000000748180000)
 Metaspace       used 68730K, capacity 70748K, committed 71000K, reserved 1112064K
  class space    used 8673K, capacity 8972K, committed 9048K, reserved 1048576K
GC Heap History (10 events):
Event: 23795.218 GC heap after
Heap after GC invocations=1059 (full 4):
 PSYoungGen      total 219136K, used 5396K [0x0000000795580000, 0x00000007a5180000, 0x00000007c0000000)
  eden space 204288K, 0% used [0x0000000795580000,0x0000000795580000,0x00000007a1d00000)
  from space 14848K, 36% used [0x00000007a1d00000,0x00000007a2245118,0x00000007a2b80000)
  to   space 14336K, 0% used [0x00000007a4380000,0x00000007a4380000,0x00000007a5180000)
 ParOldGen       total 132608K, used 104398K [0x0000000740000000, 0x0000000748180000, 0x0000000795580000)
  object space 132608K, 78% used [0x0000000740000000,0x00000007465f3a80,0x0000000748180000)
 Metaspace       used 67221K, capacity 69210K, committed 69336K, reserved 1110016K
  class space    used 8531K, capacity 8832K, committed 8920K, reserved 1048576K
}
Event: 23797.911 GC heap before
{Heap before GC invocations=1060 (full 4):
 PSYoungGen      total 219136K, used 209684K [0x0000000795580000, 0x00000007a5180000, 0x00000007c0000000)
  eden space 204288K, 100% used [0x0000000795580000,0x00000007a1d00000,0x00000007a1d00000)
  from space 14848K, 36% used [0x00000007a1d00000,0x00000007a2245118,0x00000007a2b80000)
  to   space 14336K, 0% used [0x00000007a4380000,0x00000007a4380000,0x00000007a5180000)
 ParOldGen       total 132608K, used 104398K [0x0000000740000000, 0x0000000748180000, 0x0000000795580000)
  object space 132608K, 78% used [0x0000000740000000,0x00000007465f3a80,0x0000000748180000)
 Metaspace       used 67228K, capacity 69222K, committed 69336K, reserved 1110016K
  class space    used 8533K, capacity 8834K, committed 8920K, reserved 1048576K
Event: 23797.935 GC heap after
Heap after GC invocations=1060 (full 4):
 PSYoungGen      total 240640K, used 3200K [0x0000000795580000, 0x00000007a4f80000, 0x00000007c0000000)
  eden space 228352K, 0% used [0x0000000795580000,0x0000000795580000,0x00000007a3480000)
  from space 12288K, 26% used [0x00000007a4380000,0x00000007a46a0000,0x00000007a4f80000)
  to   space 13824K, 0% used [0x00000007a3480000,0x00000007a3480000,0x00000007a4200000)
 ParOldGen       total 132608K, used 108214K [0x0000000740000000, 0x0000000748180000, 0x0000000795580000)
  object space 132608K, 81% used [0x0000000740000000,0x00000007469ada80,0x0000000748180000)
 Metaspace       used 67228K, capacity 69222K, committed 69336K, reserved 1110016K
  class space    used 8533K, capacity 8834K, committed 8920K, reserved 1048576K
}
Event: 23801.446 GC heap before
{Heap before GC invocations=1061 (full 4):
 PSYoungGen      total 240640K, used 231552K [0x0000000795580000, 0x00000007a4f80000, 0x00000007c0000000)
  eden space 228352K, 100% used [0x0000000795580000,0x00000007a3480000,0x00000007a3480000)
  from space 12288K, 26% used [0x00000007a4380000,0x00000007a46a0000,0x00000007a4f80000)
  to   space 13824K, 0% used [0x00000007a3480000,0x00000007a3480000,0x00000007a4200000)
 ParOldGen       total 132608K, used 108214K [0x0000000740000000, 0x0000000748180000, 0x0000000795580000)
  object space 132608K, 81% used [0x0000000740000000,0x00000007469ada80,0x0000000748180000)
 Metaspace       used 67318K, capacity 69336K, committed 69592K, reserved 1110016K
  class space    used 8563K, capacity 8869K, committed 8920K, reserved 1048576K
Event: 23801.501 GC heap after
Heap after GC invocations=1061 (full 4):
 PSYoungGen      total 242176K, used 3394K [0x0000000795580000, 0x00000007a6880000, 0x00000007c0000000)
  eden space 228352K, 0% used [0x0000000795580000,0x0000000795580000,0x00000007a3480000)
  from space 13824K, 24% used [0x00000007a3480000,0x00000007a37d0be0,0x00000007a4200000)
  to   space 13312K, 0% used [0x00000007a5b80000,0x00000007a5b80000,0x00000007a6880000)
 ParOldGen       total 132608K, used 109842K [0x0000000740000000, 0x0000000748180000, 0x0000000795580000)
  object space 132608K, 82% used [0x0000000740000000,0x0000000746b44a90,0x0000000748180000)
 Metaspace       used 67318K, capacity 69336K, committed 69592K, reserved 1110016K
  class space    used 8563K, capacity 8869K, committed 8920K, reserved 1048576K
}
Event: 23803.491 GC heap before
{Heap before GC invocations=1062 (full 4):
 PSYoungGen      total 242176K, used 231746K [0x0000000795580000, 0x00000007a6880000, 0x00000007c0000000)
  eden space 228352K, 100% used [0x0000000795580000,0x00000007a3480000,0x00000007a3480000)
  from space 13824K, 24% used [0x00000007a3480000,0x00000007a37d0be0,0x00000007a4200000)
  to   space 13312K, 0% used [0x00000007a5b80000,0x00000007a5b80000,0x00000007a6880000)
 ParOldGen       total 132608K, used 109842K [0x0000000740000000, 0x0000000748180000, 0x0000000795580000)
  object space 132608K, 82% used [0x0000000740000000,0x0000000746b44a90,0x0000000748180000)
 Metaspace       used 68504K, capacity 70532K, committed 70744K, reserved 1112064K
  class space    used 8658K, capacity 8967K, committed 9048K, reserved 1048576K
Event: 23803.527 GC heap after
Heap after GC invocations=1062 (full 4):
 PSYoungGen      total 264192K, used 13296K [0x0000000795580000, 0x00000007a7100000, 0x00000007c0000000)
  eden space 250880K, 0% used [0x0000000795580000,0x0000000795580000,0x00000007a4a80000)
  from space 13312K, 99% used [0x00000007a5b80000,0x00000007a687c060,0x00000007a6880000)
  to   space 17408K, 0% used [0x00000007a4a80000,0x00000007a4a80000,0x00000007a5b80000)
 ParOldGen       total 132608K, used 114778K [0x0000000740000000, 0x0000000748180000, 0x0000000795580000)
  object space 132608K, 86% used [0x0000000740000000,0x0000000747016918,0x0000000748180000)
 Metaspace       used 68504K, capacity 70532K, committed 70744K, reserved 1112064K
  class space    used 8658K, capacity 8967K, committed 9048K, reserved 1048576K
}
Event: 23833.802 GC heap before
{Heap before GC invocations=1063 (full 4):
 PSYoungGen      total 264192K, used 264176K [0x0000000795580000, 0x00000007a7100000, 0x00000007c0000000)
  eden space 250880K, 100% used [0x0000000795580000,0x00000007a4a80000,0x00000007a4a80000)
  from space 13312K, 99% used [0x00000007a5b80000,0x00000007a687c060,0x00000007a6880000)
  to   space 17408K, 0% used [0x00000007a4a80000,0x00000007a4a80000,0x00000007a5b80000)
 ParOldGen       total 132608K, used 114778K [0x0000000740000000, 0x0000000748180000, 0x0000000795580000)
  object space 132608K, 86% used [0x0000000740000000,0x0000000747016918,0x0000000748180000)
 Metaspace       used 68730K, capacity 70748K, committed 71000K, reserved 1112064K
  class space    used 8673K, capacity 8972K, committed 9048K, reserved 1048576K
Event: 23833.823 GC heap after
Heap after GC invocations=1063 (full 4):
 PSYoungGen      total 268288K, used 3424K [0x0000000795580000, 0x00000007a8400000, 0x00000007c0000000)
  eden space 250880K, 0% used [0x0000000795580000,0x0000000795580000,0x00000007a4a80000)
  from space 17408K, 19% used [0x00000007a4a80000,0x00000007a4dd8010,0x00000007a5b80000)
  to   space 16384K, 0% used [0x00000007a7400000,0x00000007a7400000,0x00000007a8400000)
 ParOldGen       total 132608K, used 126548K [0x0000000740000000, 0x0000000748180000, 0x0000000795580000)
  object space 132608K, 95% used [0x0000000740000000,0x0000000747b95388,0x0000000748180000)
 Metaspace       used 68730K, capacity 70748K, committed 71000K, reserved 1112064K
  class space    used 8673K, capacity 8972K, committed 9048K, reserved 1048576K
}
Event: 23833.823 GC heap before
{Heap before GC invocations=1064 (full 5):
 PSYoungGen      total 268288K, used 3424K [0x0000000795580000, 0x00000007a8400000, 0x00000007c0000000)
  eden space 250880K, 0% used [0x0000000795580000,0x0000000795580000,0x00000007a4a80000)
  from space 17408K, 19% used [0x00000007a4a80000,0x00000007a4dd8010,0x00000007a5b80000)
  to   space 16384K, 0% used [0x00000007a7400000,0x00000007a7400000,0x00000007a8400000)
 ParOldGen       total 132608K, used 126548K [0x0000000740000000, 0x0000000748180000, 0x0000000795580000)
  object space 132608K, 95% used [0x0000000740000000,0x0000000747b95388,0x0000000748180000)
 Metaspace       used 68730K, capacity 70748K, committed 71000K, reserved 1112064K
  class space    used 8673K, capacity 8972K, committed 9048K, reserved 1048576K

