# JRE version: Java(TM) SE Runtime Environment (8.0_172-b11) (build 1.8.0_172-b11)
# Java VM: Java HotSpot(TM) 64-Bit Server VM (25.172-b11 mixed mode bsd-amd64 compressed oops)
Heap:
 PSYoungGen      total 636928K, used 560434K [0x0000000795580000, 0x00000007c0000000, 0x00000007c0000000)
  eden space 590848K, 93% used [0x0000000795580000,0x00000007b6edfa28,0x00000007b9680000)
  from space 46080K, 22% used [0x00000007bc380000,0x00000007bcd6d118,0x00000007bf080000)
  to   space 46080K, 0% used [0x00000007b9680000,0x00000007b9680000,0x00000007bc380000)
 ParOldGen       total 152064K, used 105574K [0x0000000740000000, 0x0000000749480000, 0x0000000795580000)
  object space 152064K, 69% used [0x0000000740000000,0x0000000746719b58,0x0000000749480000)
 Metaspace       used 85570K, capacity 87516K, committed 87808K, reserved 1126400K
  class space    used 9754K, capacity 10146K, committed 10240K, reserved 1048576K
GC Heap History (10 events):
Event: 1779.513 GC heap before
{Heap before GC invocations=33 (full 4):
 PSYoungGen      total 654848K, used 651225K [0x0000000795580000, 0x00000007c0000000, 0x00000007c0000000)
  eden space 617984K, 100% used [0x0000000795580000,0x00000007bb100000,0x00000007bb100000)
  from space 36864K, 90% used [0x00000007bdc00000,0x00000007bfc766e0,0x00000007c0000000)
  to   space 40448K, 0% used [0x00000007bb100000,0x00000007bb100000,0x00000007bd880000)
 ParOldGen       total 152064K, used 82020K [0x0000000740000000, 0x0000000749480000, 0x0000000795580000)
  object space 152064K, 53% used [0x0000000740000000,0x0000000745019300,0x0000000749480000)
 Metaspace       used 82293K, capacity 84172K, committed 84480K, reserved 1124352K
  class space    used 9493K, capacity 9881K, committed 9984K, reserved 1048576K
Event: 1779.710 GC heap after
Heap after GC invocations=33 (full 4):
 PSYoungGen      total 651776K, used 33430K [0x0000000795580000, 0x00000007c0000000, 0x00000007c0000000)
  eden space 617984K, 0% used [0x0000000795580000,0x0000000795580000,0x00000007bb100000)
  from space 33792K, 98% used [0x00000007bb100000,0x00000007bd1a58a0,0x00000007bd200000)
  to   space 43520K, 0% used [0x00000007bd580000,0x00000007bd580000,0x00000007c0000000)
 ParOldGen       total 152064K, used 82028K [0x0000000740000000, 0x0000000749480000, 0x0000000795580000)
  object space 152064K, 53% used [0x0000000740000000,0x000000074501b300,0x0000000749480000)
 Metaspace       used 82293K, capacity 84172K, committed 84480K, reserved 1124352K
  class space    used 9493K, capacity 9881K, committed 9984K, reserved 1048576K
}
Event: 1971.045 GC heap before
{Heap before GC invocations=34 (full 4):
 PSYoungGen      total 651776K, used 651306K [0x0000000795580000, 0x00000007c0000000, 0x00000007c0000000)
  eden space 617984K, 99% used [0x0000000795580000,0x00000007bb0e5190,0x00000007bb100000)
  from space 33792K, 98% used [0x00000007bb100000,0x00000007bd1a58a0,0x00000007bd200000)
  to   space 43520K, 0% used [0x00000007bd580000,0x00000007bd580000,0x00000007c0000000)
 ParOldGen       total 152064K, used 82028K [0x0000000740000000, 0x0000000749480000, 0x0000000795580000)
  object space 152064K, 53% used [0x0000000740000000,0x000000074501b300,0x0000000749480000)
 Metaspace       used 82379K, capacity 84260K, committed 84480K, reserved 1124352K
  class space    used 9496K, capacity 9885K, committed 9984K, reserved 1048576K
Event: 1971.376 GC heap after
Heap after GC invocations=34 (full 4):
 PSYoungGen      total 624640K, used 33782K [0x0000000795580000, 0x00000007bf680000, 0x00000007c0000000)
  eden space 590848K, 0% used [0x0000000795580000,0x0000000795580000,0x00000007b9680000)
  from space 33792K, 99% used [0x00000007bd580000,0x00000007bf67d8b0,0x00000007bf680000)
  to   space 46080K, 0% used [0x00000007b9c80000,0x00000007b9c80000,0x00000007bc980000)
 ParOldGen       total 152064K, used 82036K [0x0000000740000000, 0x0000000749480000, 0x0000000795580000)
  object space 152064K, 53% used [0x0000000740000000,0x000000074501d300,0x0000000749480000)
 Metaspace       used 82379K, capacity 84260K, committed 84480K, reserved 1124352K
  class space    used 9496K, capacity 9885K, committed 9984K, reserved 1048576K
}
Event: 1988.570 GC heap before
{Heap before GC invocations=35 (full 4):
 PSYoungGen      total 624640K, used 124372K [0x0000000795580000, 0x00000007bf680000, 0x00000007c0000000)
  eden space 590848K, 15% used [0x0000000795580000,0x000000079adf79d8,0x00000007b9680000)
  from space 33792K, 99% used [0x00000007bd580000,0x00000007bf67d8b0,0x00000007bf680000)
  to   space 46080K, 0% used [0x00000007b9c80000,0x00000007b9c80000,0x00000007bc980000)
 ParOldGen       total 152064K, used 82036K [0x0000000740000000, 0x0000000749480000, 0x0000000795580000)
  object space 152064K, 53% used [0x0000000740000000,0x000000074501d300,0x0000000749480000)
 Metaspace       used 82411K, capacity 84330K, committed 84480K, reserved 1124352K
  class space    used 9497K, capacity 9887K, committed 9984K, reserved 1048576K
Event: 1988.657 GC heap after
Heap after GC invocations=35 (full 4):
 PSYoungGen      total 620032K, used 29148K [0x0000000795580000, 0x00000007bf080000, 0x00000007c0000000)
  eden space 590848K, 0% used [0x0000000795580000,0x0000000795580000,0x00000007b9680000)
  from space 29184K, 99% used [0x00000007b9c80000,0x00000007bb8f7368,0x00000007bb900000)
  to   space 46080K, 0% used [0x00000007bc380000,0x00000007bc380000,0x00000007bf080000)
 ParOldGen       total 152064K, used 82044K [0x0000000740000000, 0x0000000749480000, 0x0000000795580000)
  object space 152064K, 53% used [0x0000000740000000,0x000000074501f300,0x0000000749480000)
 Metaspace       used 82411K, capacity 84330K, committed 84480K, reserved 1124352K
  class space    used 9497K, capacity 9887K, committed 9984K, reserved 1048576K
}
Event: 1988.657 GC heap before
{Heap before GC invocations=36 (full 5):
 PSYoungGen      total 620032K, used 29148K [0x0000000795580000, 0x00000007bf080000, 0x00000007c0000000)
  eden space 590848K, 0% used [0x0000000795580000,0x0000000795580000,0x00000007b9680000)
  from space 29184K, 99% used [0x00000007b9c80000,0x00000007bb8f7368,0x00000007bb900000)
  to   space 46080K, 0% used [0x00000007bc380000,0x00000007bc380000,0x00000007bf080000)
 ParOldGen       total 152064K, used 82044K [0x0000000740000000, 0x0000000749480000, 0x0000000795580000)
  object space 152064K, 53% used [0x0000000740000000,0x000000074501f300,0x0000000749480000)
 Metaspace       used 82411K, capacity 84330K, committed 84480K, reserved 1124352K
  class space    used 9497K, capacity 9887K, committed 9984K, reserved 1048576K
Event: 1991.207 GC heap after
Heap after GC invocations=36 (full 5):
 PSYoungGen      total 620032K, used 0K [0x0000000795580000, 0x00000007bf080000, 0x00000007c0000000)
  eden space 590848K, 0% used [0x0000000795580000,0x0000000795580000,0x00000007b9680000)
  from space 29184K, 0% used [0x00000007b9c80000,0x00000007b9c80000,0x00000007bb900000)
  to   space 46080K, 0% used [0x00000007bc380000,0x00000007bc380000,0x00000007bf080000)
 ParOldGen       total 152064K, used 105566K [0x0000000740000000, 0x0000000749480000, 0x0000000795580000)
  object space 152064K, 69% used [0x0000000740000000,0x0000000746717b58,0x0000000749480000)
 Metaspace       used 82217K, capacity 84024K, committed 84480K, reserved 1124352K
  class space    used 9466K, capacity 9832K, committed 9984K, reserved 1048576K
}
Event: 1998.879 GC heap before
{Heap before GC invocations=37 (full 5):
 PSYoungGen      total 620032K, used 590848K [0x0000000795580000, 0x00000007bf080000, 0x00000007c0000000)
  eden space 590848K, 100% used [0x0000000795580000,0x00000007b9680000,0x00000007b9680000)
  from space 29184K, 0% used [0x00000007b9c80000,0x00000007b9c80000,0x00000007bb900000)
  to   space 46080K, 0% used [0x00000007bc380000,0x00000007bc380000,0x00000007bf080000)
 ParOldGen       total 152064K, used 105566K [0x0000000740000000, 0x0000000749480000, 0x0000000795580000)
  object space 152064K, 69% used [0x0000000740000000,0x0000000746717b58,0x0000000749480000)
 Metaspace       used 82830K, capacity 84666K, committed 85120K, reserved 1124352K
  class space    used 9580K, capacity 9975K, committed 10112K, reserved 1048576K
Event: 1998.906 GC heap after
Heap after GC invocations=37 (full 5):
 PSYoungGen      total 636928K, used 10164K [0x0000000795580000, 0x00000007c0000000, 0x00000007c0000000)
  eden space 590848K, 0% used [0x0000000795580000,0x0000000795580000,0x00000007b9680000)
  from space 46080K, 22% used [0x00000007bc380000,0x00000007bcd6d118,0x00000007bf080000)
  to   space 46080K, 0% used [0x00000007b9680000,0x00000007b9680000,0x00000007bc380000)
 ParOldGen       total 152064K, used 105574K [0x0000000740000000, 0x0000000749480000, 0x0000000795580000)
  object space 152064K, 69% used [0x0000000740000000,0x0000000746719b58,0x0000000749480000)
 Metaspace       used 82830K, capacity 84666K, committed 85120K, reserved 1124352K
  class space    used 9580K, capacity 9975K, committed 10112K, reserved 1048576K
}

