# JRE version: Java(TM) SE Runtime Environment (8.0_161-b12) (build 1.8.0_161-b12)
# Java VM: Java HotSpot(TM) 64-Bit Server VM (25.161-b12 mixed mode bsd-amd64 compressed oops)
Heap:
 PSYoungGen      total 603648K, used 1088K [0x0000000795580000, 0x00000007bdd00000, 0x00000007c0000000)
  eden space 550400K, 0% used [0x0000000795580000,0x0000000795580000,0x00000007b6f00000)
  from space 53248K, 2% used [0x00000007ba900000,0x00000007baa10000,0x00000007bdd00000)
  to   space 56320K, 0% used [0x00000007b6f00000,0x00000007b6f00000,0x00000007ba600000)
 ParOldGen       total 758272K, used 539133K [0x0000000740000000, 0x000000076e480000, 0x0000000795580000)
  object space 758272K, 71% used [0x0000000740000000,0x0000000760e7f600,0x000000076e480000)
 Metaspace       used 217807K, capacity 224532K, committed 226648K, reserved 1253376K
  class space    used 20677K, capacity 22013K, committed 22400K, reserved 1048576K
GC Heap History (10 events):
Event: 81588.061 GC heap after
Heap after GC invocations=3721 (full 35):
 PSYoungGen      total 614912K, used 1120K [0x0000000795580000, 0x00000007bf200000, 0x00000007c0000000)
  eden space 549376K, 0% used [0x0000000795580000,0x0000000795580000,0x00000007b6e00000)
  from space 65536K, 1% used [0x00000007bb200000,0x00000007bb318000,0x00000007bf200000)
  to   space 67584K, 0% used [0x00000007b6e00000,0x00000007b6e00000,0x00000007bb000000)
 ParOldGen       total 758272K, used 538853K [0x0000000740000000, 0x000000076e480000, 0x0000000795580000)
  object space 758272K, 71% used [0x0000000740000000,0x0000000760e39760,0x000000076e480000)
 Metaspace       used 217805K, capacity 224526K, committed 226648K, reserved 1253376K
  class space    used 20677K, capacity 22011K, committed 22400K, reserved 1048576K
}
Event: 81912.752 GC heap before
{Heap before GC invocations=3722 (full 35):
 PSYoungGen      total 614912K, used 550496K [0x0000000795580000, 0x00000007bf200000, 0x00000007c0000000)
  eden space 549376K, 100% used [0x0000000795580000,0x00000007b6e00000,0x00000007b6e00000)
  from space 65536K, 1% used [0x00000007bb200000,0x00000007bb318000,0x00000007bf200000)
  to   space 67584K, 0% used [0x00000007b6e00000,0x00000007b6e00000,0x00000007bb000000)
 ParOldGen       total 758272K, used 538853K [0x0000000740000000, 0x000000076e480000, 0x0000000795580000)
  object space 758272K, 71% used [0x0000000740000000,0x0000000760e39760,0x000000076e480000)
 Metaspace       used 217805K, capacity 224526K, committed 226648K, reserved 1253376K
  class space    used 20677K, capacity 22011K, committed 22400K, reserved 1048576K
Event: 81912.778 GC heap after
Heap after GC invocations=3722 (full 35):
 PSYoungGen      total 550400K, used 960K [0x0000000795580000, 0x00000007bed80000, 0x00000007c0000000)
  eden space 549376K, 0% used [0x0000000795580000,0x0000000795580000,0x00000007b6e00000)
  from space 1024K, 93% used [0x00000007b6e00000,0x00000007b6ef0000,0x00000007b6f00000)
  to   space 65024K, 0% used [0x00000007bae00000,0x00000007bae00000,0x00000007bed80000)
 ParOldGen       total 758272K, used 538853K [0x0000000740000000, 0x000000076e480000, 0x0000000795580000)
  object space 758272K, 71% used [0x0000000740000000,0x0000000760e39760,0x000000076e480000)
 Metaspace       used 217805K, capacity 224526K, committed 226648K, reserved 1253376K
  class space    used 20677K, capacity 22011K, committed 22400K, reserved 1048576K
}
Event: 82157.526 GC heap before
{Heap before GC invocations=3723 (full 35):
 PSYoungGen      total 550400K, used 550336K [0x0000000795580000, 0x00000007bed80000, 0x00000007c0000000)
  eden space 549376K, 100% used [0x0000000795580000,0x00000007b6e00000,0x00000007b6e00000)
  from space 1024K, 93% used [0x00000007b6e00000,0x00000007b6ef0000,0x00000007b6f00000)
  to   space 65024K, 0% used [0x00000007bae00000,0x00000007bae00000,0x00000007bed80000)
 ParOldGen       total 758272K, used 538853K [0x0000000740000000, 0x000000076e480000, 0x0000000795580000)
  object space 758272K, 71% used [0x0000000740000000,0x0000000760e39760,0x000000076e480000)
 Metaspace       used 217805K, capacity 224526K, committed 226648K, reserved 1253376K
  class space    used 20677K, capacity 22011K, committed 22400K, reserved 1048576K
Event: 82157.644 GC heap after
Heap after GC invocations=3723 (full 35):
 PSYoungGen      total 609792K, used 928K [0x0000000795580000, 0x00000007be880000, 0x00000007c0000000)
  eden space 549888K, 0% used [0x0000000795580000,0x0000000795580000,0x00000007b6e80000)
  from space 59904K, 1% used [0x00000007bae00000,0x00000007baee8000,0x00000007be880000)
  to   space 62464K, 0% used [0x00000007b6e80000,0x00000007b6e80000,0x00000007bab80000)
 ParOldGen       total 758272K, used 538989K [0x0000000740000000, 0x000000076e480000, 0x0000000795580000)
  object space 758272K, 71% used [0x0000000740000000,0x0000000760e5b6b0,0x000000076e480000)
 Metaspace       used 217805K, capacity 224526K, committed 226648K, reserved 1253376K
  class space    used 20677K, capacity 22011K, committed 22400K, reserved 1048576K
}
Event: 82404.542 GC heap before
{Heap before GC invocations=3724 (full 35):
 PSYoungGen      total 609792K, used 550816K [0x0000000795580000, 0x00000007be880000, 0x00000007c0000000)
  eden space 549888K, 100% used [0x0000000795580000,0x00000007b6e80000,0x00000007b6e80000)
  from space 59904K, 1% used [0x00000007bae00000,0x00000007baee8000,0x00000007be880000)
  to   space 62464K, 0% used [0x00000007b6e80000,0x00000007b6e80000,0x00000007bab80000)
 ParOldGen       total 758272K, used 538989K [0x0000000740000000, 0x000000076e480000, 0x0000000795580000)
  object space 758272K, 71% used [0x0000000740000000,0x0000000760e5b6b0,0x000000076e480000)
 Metaspace       used 217805K, capacity 224526K, committed 226648K, reserved 1253376K
  class space    used 20677K, capacity 22011K, committed 22400K, reserved 1048576K
Event: 82404.558 GC heap after
Heap after GC invocations=3724 (full 35):
 PSYoungGen      total 550912K, used 896K [0x0000000795580000, 0x00000007be300000, 0x00000007c0000000)
  eden space 549888K, 0% used [0x0000000795580000,0x0000000795580000,0x00000007b6e80000)
  from space 1024K, 87% used [0x00000007b6e80000,0x00000007b6f60000,0x00000007b6f80000)
  to   space 59392K, 0% used [0x00000007ba900000,0x00000007ba900000,0x00000007be300000)
 ParOldGen       total 758272K, used 539013K [0x0000000740000000, 0x000000076e480000, 0x0000000795580000)
  object space 758272K, 71% used [0x0000000740000000,0x0000000760e616b0,0x000000076e480000)
 Metaspace       used 217805K, capacity 224526K, committed 226648K, reserved 1253376K
  class space    used 20677K, capacity 22011K, committed 22400K, reserved 1048576K
}
Event: 82586.507 GC heap before
{Heap before GC invocations=3725 (full 35):
 PSYoungGen      total 550912K, used 439953K [0x0000000795580000, 0x00000007be300000, 0x00000007c0000000)
  eden space 549888K, 79% used [0x0000000795580000,0x00000007b0244418,0x00000007b6e80000)
  from space 1024K, 87% used [0x00000007b6e80000,0x00000007b6f60000,0x00000007b6f80000)
  to   space 59392K, 0% used [0x00000007ba900000,0x00000007ba900000,0x00000007be300000)
 ParOldGen       total 758272K, used 539013K [0x0000000740000000, 0x000000076e480000, 0x0000000795580000)
  object space 758272K, 71% used [0x0000000740000000,0x0000000760e616b0,0x000000076e480000)
 Metaspace       used 217807K, capacity 224532K, committed 226648K, reserved 1253376K
  class space    used 20677K, capacity 22013K, committed 22400K, reserved 1048576K
Event: 82586.654 GC heap after
Heap after GC invocations=3725 (full 35):
 PSYoungGen      total 603648K, used 1088K [0x0000000795580000, 0x00000007bdd00000, 0x00000007c0000000)
  eden space 550400K, 0% used [0x0000000795580000,0x0000000795580000,0x00000007b6f00000)
  from space 53248K, 2% used [0x00000007ba900000,0x00000007baa10000,0x00000007bdd00000)
  to   space 56320K, 0% used [0x00000007b6f00000,0x00000007b6f00000,0x00000007ba600000)
 ParOldGen       total 758272K, used 539133K [0x0000000740000000, 0x000000076e480000, 0x0000000795580000)
  object space 758272K, 71% used [0x0000000740000000,0x0000000760e7f600,0x000000076e480000)
 Metaspace       used 217807K, capacity 224532K, committed 226648K, reserved 1253376K
  class space    used 20677K, capacity 22013K, committed 22400K, reserved 1048576K
}
Event: 82586.654 GC heap before
{Heap before GC invocations=3726 (full 36):
 PSYoungGen      total 603648K, used 1088K [0x0000000795580000, 0x00000007bdd00000, 0x00000007c0000000)
  eden space 550400K, 0% used [0x0000000795580000,0x0000000795580000,0x00000007b6f00000)
  from space 53248K, 2% used [0x00000007ba900000,0x00000007baa10000,0x00000007bdd00000)
  to   space 56320K, 0% used [0x00000007b6f00000,0x00000007b6f00000,0x00000007ba600000)
 ParOldGen       total 758272K, used 539133K [0x0000000740000000, 0x000000076e480000, 0x0000000795580000)
  object space 758272K, 71% used [0x0000000740000000,0x0000000760e7f600,0x000000076e480000)
 Metaspace       used 217807K, capacity 224532K, committed 226648K, reserved 1253376K
  class space    used 20677K, capacity 22013K, committed 22400K, reserved 1048576K

