# JRE version: Java(TM) SE Runtime Environment (8.0_161-b12) (build 1.8.0_161-b12)
# Java VM: Java HotSpot(TM) 64-Bit Server VM (25.161-b12 mixed mode bsd-amd64 compressed oops)
Heap:
 PSYoungGen      total 512512K, used 832K [0x0000000795580000, 0x00000007bc400000, 0x00000007c0000000)
  eden space 511488K, 0% used [0x0000000795580000,0x0000000795580000,0x00000007b4900000)
  from space 1024K, 81% used [0x00000007b4900000,0x00000007b49d0000,0x00000007b4a00000)
  to   space 62976K, 0% used [0x00000007b8680000,0x00000007b8680000,0x00000007bc400000)
 ParOldGen       total 237568K, used 141492K [0x0000000740000000, 0x000000074e800000, 0x0000000795580000)
  object space 237568K, 59% used [0x0000000740000000,0x0000000748a2d038,0x000000074e800000)
 Metaspace       used 93597K, capacity 97024K, committed 97112K, reserved 1134592K
  class space    used 10577K, capacity 11121K, committed 11136K, reserved 1048576K
GC Heap History (10 events):
Event: 17129.282 GC heap after
Heap after GC invocations=152 (full 9):
 PSYoungGen      total 625664K, used 1536K [0x0000000795580000, 0x00000007bfe80000, 0x00000007c0000000)
  eden space 553472K, 0% used [0x0000000795580000,0x0000000795580000,0x00000007b7200000)
  from space 72192K, 2% used [0x00000007b7200000,0x00000007b7380000,0x00000007bb880000)
  to   space 71168K, 0% used [0x00000007bb900000,0x00000007bb900000,0x00000007bfe80000)
 ParOldGen       total 237568K, used 140463K [0x0000000740000000, 0x000000074e800000, 0x0000000795580000)
  object space 237568K, 59% used [0x0000000740000000,0x000000074892bf38,0x000000074e800000)
 Metaspace       used 93548K, capacity 96904K, committed 97112K, reserved 1134592K
  class space    used 10566K, capacity 11100K, committed 11136K, reserved 1048576K
}
Event: 17372.407 GC heap before
{Heap before GC invocations=153 (full 9):
 PSYoungGen      total 625664K, used 555008K [0x0000000795580000, 0x00000007bfe80000, 0x00000007c0000000)
  eden space 553472K, 100% used [0x0000000795580000,0x00000007b7200000,0x00000007b7200000)
  from space 72192K, 2% used [0x00000007b7200000,0x00000007b7380000,0x00000007bb880000)
  to   space 71168K, 0% used [0x00000007bb900000,0x00000007bb900000,0x00000007bfe80000)
 ParOldGen       total 237568K, used 140463K [0x0000000740000000, 0x000000074e800000, 0x0000000795580000)
  object space 237568K, 59% used [0x0000000740000000,0x000000074892bf38,0x000000074e800000)
 Metaspace       used 93548K, capacity 96904K, committed 97112K, reserved 1134592K
  class space    used 10566K, capacity 11100K, committed 11136K, reserved 1048576K
Event: 17372.422 GC heap after
Heap after GC invocations=153 (full 9):
 PSYoungGen      total 623104K, used 1664K [0x0000000795580000, 0x00000007bfb00000, 0x00000007c0000000)
  eden space 555520K, 0% used [0x0000000795580000,0x0000000795580000,0x00000007b7400000)
  from space 67584K, 2% used [0x00000007bb900000,0x00000007bbaa0000,0x00000007bfb00000)
  to   space 69120K, 0% used [0x00000007b7400000,0x00000007b7400000,0x00000007bb780000)
 ParOldGen       total 237568K, used 140479K [0x0000000740000000, 0x000000074e800000, 0x0000000795580000)
  object space 237568K, 59% used [0x0000000740000000,0x000000074892ff38,0x000000074e800000)
 Metaspace       used 93548K, capacity 96904K, committed 97112K, reserved 1134592K
  class space    used 10566K, capacity 11100K, committed 11136K, reserved 1048576K
}
Event: 17616.228 GC heap before
{Heap before GC invocations=154 (full 9):
 PSYoungGen      total 623104K, used 557184K [0x0000000795580000, 0x00000007bfb00000, 0x00000007c0000000)
  eden space 555520K, 100% used [0x0000000795580000,0x00000007b7400000,0x00000007b7400000)
  from space 67584K, 2% used [0x00000007bb900000,0x00000007bbaa0000,0x00000007bfb00000)
  to   space 69120K, 0% used [0x00000007b7400000,0x00000007b7400000,0x00000007bb780000)
 ParOldGen       total 237568K, used 140479K [0x0000000740000000, 0x000000074e800000, 0x0000000795580000)
  object space 237568K, 59% used [0x0000000740000000,0x000000074892ff38,0x000000074e800000)
 Metaspace       used 93548K, capacity 96904K, committed 97112K, reserved 1134592K
  class space    used 10566K, capacity 11100K, committed 11136K, reserved 1048576K
Event: 17616.238 GC heap after
Heap after GC invocations=154 (full 9):
 PSYoungGen      total 534528K, used 1280K [0x0000000795580000, 0x00000007be200000, 0x00000007c0000000)
  eden space 532992K, 0% used [0x0000000795580000,0x0000000795580000,0x00000007b5e00000)
  from space 1536K, 83% used [0x00000007b7400000,0x00000007b7540000,0x00000007b7580000)
  to   space 67584K, 0% used [0x00000007ba000000,0x00000007ba000000,0x00000007be200000)
 ParOldGen       total 237568K, used 140671K [0x0000000740000000, 0x000000074e800000, 0x0000000795580000)
  object space 237568K, 59% used [0x0000000740000000,0x000000074895ff38,0x000000074e800000)
 Metaspace       used 93548K, capacity 96904K, committed 97112K, reserved 1134592K
  class space    used 10566K, capacity 11100K, committed 11136K, reserved 1048576K
}
Event: 17847.730 GC heap before
{Heap before GC invocations=155 (full 9):
 PSYoungGen      total 534528K, used 534272K [0x0000000795580000, 0x00000007be200000, 0x00000007c0000000)
  eden space 532992K, 100% used [0x0000000795580000,0x00000007b5e00000,0x00000007b5e00000)
  from space 1536K, 83% used [0x00000007b7400000,0x00000007b7540000,0x00000007b7580000)
  to   space 67584K, 0% used [0x00000007ba000000,0x00000007ba000000,0x00000007be200000)
 ParOldGen       total 237568K, used 140671K [0x0000000740000000, 0x000000074e800000, 0x0000000795580000)
  object space 237568K, 59% used [0x0000000740000000,0x000000074895ff38,0x000000074e800000)
 Metaspace       used 93586K, capacity 97006K, committed 97112K, reserved 1134592K
  class space    used 10575K, capacity 11117K, committed 11136K, reserved 1048576K
Event: 17847.737 GC heap after
Heap after GC invocations=155 (full 9):
 PSYoungGen      total 552448K, used 1216K [0x0000000795580000, 0x00000007bc800000, 0x00000007c0000000)
  eden space 511488K, 0% used [0x0000000795580000,0x0000000795580000,0x00000007b4900000)
  from space 40960K, 2% used [0x00000007ba000000,0x00000007ba130000,0x00000007bc800000)
  to   space 65024K, 0% used [0x00000007b4900000,0x00000007b4900000,0x00000007b8880000)
 ParOldGen       total 237568K, used 140775K [0x0000000740000000, 0x000000074e800000, 0x0000000795580000)
  object space 237568K, 59% used [0x0000000740000000,0x0000000748979f38,0x000000074e800000)
 Metaspace       used 93586K, capacity 97006K, committed 97112K, reserved 1134592K
  class space    used 10575K, capacity 11117K, committed 11136K, reserved 1048576K
}
Event: 18025.064 GC heap before
{Heap before GC invocations=156 (full 9):
 PSYoungGen      total 552448K, used 442701K [0x0000000795580000, 0x00000007bc800000, 0x00000007c0000000)
  eden space 511488K, 86% used [0x0000000795580000,0x00000007b04a34a0,0x00000007b4900000)
  from space 40960K, 2% used [0x00000007ba000000,0x00000007ba130000,0x00000007bc800000)
  to   space 65024K, 0% used [0x00000007b4900000,0x00000007b4900000,0x00000007b8880000)
 ParOldGen       total 237568K, used 140775K [0x0000000740000000, 0x000000074e800000, 0x0000000795580000)
  object space 237568K, 59% used [0x0000000740000000,0x0000000748979f38,0x000000074e800000)
 Metaspace       used 93597K, capacity 97024K, committed 97112K, reserved 1134592K
  class space    used 10577K, capacity 11121K, committed 11136K, reserved 1048576K
Event: 18025.071 GC heap after
Heap after GC invocations=156 (full 9):
 PSYoungGen      total 512512K, used 832K [0x0000000795580000, 0x00000007bc400000, 0x00000007c0000000)
  eden space 511488K, 0% used [0x0000000795580000,0x0000000795580000,0x00000007b4900000)
  from space 1024K, 81% used [0x00000007b4900000,0x00000007b49d0000,0x00000007b4a00000)
  to   space 62976K, 0% used [0x00000007b8680000,0x00000007b8680000,0x00000007bc400000)
 ParOldGen       total 237568K, used 141492K [0x0000000740000000, 0x000000074e800000, 0x0000000795580000)
  object space 237568K, 59% used [0x0000000740000000,0x0000000748a2d038,0x000000074e800000)
 Metaspace       used 93597K, capacity 97024K, committed 97112K, reserved 1134592K
  class space    used 10577K, capacity 11121K, committed 11136K, reserved 1048576K
}
Event: 18025.071 GC heap before
{Heap before GC invocations=157 (full 10):
 PSYoungGen      total 512512K, used 832K [0x0000000795580000, 0x00000007bc400000, 0x00000007c0000000)
  eden space 511488K, 0% used [0x0000000795580000,0x0000000795580000,0x00000007b4900000)
  from space 1024K, 81% used [0x00000007b4900000,0x00000007b49d0000,0x00000007b4a00000)
  to   space 62976K, 0% used [0x00000007b8680000,0x00000007b8680000,0x00000007bc400000)
 ParOldGen       total 237568K, used 141492K [0x0000000740000000, 0x000000074e800000, 0x0000000795580000)
  object space 237568K, 59% used [0x0000000740000000,0x0000000748a2d038,0x000000074e800000)
 Metaspace       used 93597K, capacity 97024K, committed 97112K, reserved 1134592K
  class space    used 10577K, capacity 11121K, committed 11136K, reserved 1048576K

