# JRE version: Java(TM) SE Runtime Environment (8.0_161-b12) (build 1.8.0_161-b12)
# Java VM: Java HotSpot(TM) 64-Bit Server VM (25.161-b12 mixed mode bsd-amd64 compressed oops)
Heap:
 PSYoungGen      total 382976K, used 25899K [0x0000000795580000, 0x00000007b0400000, 0x00000007c0000000)
  eden space 324096K, 0% used [0x0000000795580000,0x0000000795580000,0x00000007a9200000)
  from space 58880K, 43% used [0x00000007a9200000,0x00000007aab4ad10,0x00000007acb80000)
  to   space 56320K, 0% used [0x00000007acd00000,0x00000007acd00000,0x00000007b0400000)
 ParOldGen       total 156672K, used 120541K [0x0000000740000000, 0x0000000749900000, 0x0000000795580000)
  object space 156672K, 76% used [0x0000000740000000,0x00000007475b75f8,0x0000000749900000)
 Metaspace       used 77217K, capacity 79800K, committed 79960K, reserved 1120256K
  class space    used 9304K, capacity 9784K, committed 9856K, reserved 1048576K
GC Heap History (10 events):
Event: 8821.182 GC heap after
Heap after GC invocations=82 (full 5):
 PSYoungGen      total 290816K, used 30185K [0x0000000795580000, 0x00000007ac700000, 0x00000007c0000000)
  eden space 246272K, 0% used [0x0000000795580000,0x0000000795580000,0x00000007a4600000)
  from space 44544K, 67% used [0x00000007a4600000,0x00000007a637a6a0,0x00000007a7180000)
  to   space 47104K, 0% used [0x00000007a9900000,0x00000007a9900000,0x00000007ac700000)
 ParOldGen       total 156672K, used 94238K [0x0000000740000000, 0x0000000749900000, 0x0000000795580000)
  object space 156672K, 60% used [0x0000000740000000,0x0000000745c07870,0x0000000749900000)
 Metaspace       used 73054K, capacity 75228K, committed 75480K, reserved 1116160K
  class space    used 9031K, capacity 9425K, committed 9472K, reserved 1048576K
}
Event: 8822.330 GC heap before
{Heap before GC invocations=83 (full 5):
 PSYoungGen      total 290816K, used 276457K [0x0000000795580000, 0x00000007ac700000, 0x00000007c0000000)
  eden space 246272K, 100% used [0x0000000795580000,0x00000007a4600000,0x00000007a4600000)
  from space 44544K, 67% used [0x00000007a4600000,0x00000007a637a6a0,0x00000007a7180000)
  to   space 47104K, 0% used [0x00000007a9900000,0x00000007a9900000,0x00000007ac700000)
 ParOldGen       total 156672K, used 94238K [0x0000000740000000, 0x0000000749900000, 0x0000000795580000)
  object space 156672K, 60% used [0x0000000740000000,0x0000000745c07870,0x0000000749900000)
 Metaspace       used 74193K, capacity 76360K, committed 76632K, reserved 1116160K
  class space    used 9100K, capacity 9523K, committed 9600K, reserved 1048576K
Event: 8822.515 GC heap after
Heap after GC invocations=83 (full 5):
 PSYoungGen      total 328192K, used 32497K [0x0000000795580000, 0x00000007ad200000, 0x00000007c0000000)
  eden space 281088K, 0% used [0x0000000795580000,0x0000000795580000,0x00000007a6800000)
  from space 47104K, 68% used [0x00000007a9900000,0x00000007ab8bc518,0x00000007ac700000)
  to   space 50176K, 0% used [0x00000007a6800000,0x00000007a6800000,0x00000007a9900000)
 ParOldGen       total 156672K, used 108238K [0x0000000740000000, 0x0000000749900000, 0x0000000795580000)
  object space 156672K, 69% used [0x0000000740000000,0x00000007469b3818,0x0000000749900000)
 Metaspace       used 74193K, capacity 76360K, committed 76632K, reserved 1116160K
  class space    used 9100K, capacity 9523K, committed 9600K, reserved 1048576K
}
Event: 8826.877 GC heap before
{Heap before GC invocations=84 (full 5):
 PSYoungGen      total 328192K, used 313585K [0x0000000795580000, 0x00000007ad200000, 0x00000007c0000000)
  eden space 281088K, 100% used [0x0000000795580000,0x00000007a6800000,0x00000007a6800000)
  from space 47104K, 68% used [0x00000007a9900000,0x00000007ab8bc518,0x00000007ac700000)
  to   space 50176K, 0% used [0x00000007a6800000,0x00000007a6800000,0x00000007a9900000)
 ParOldGen       total 156672K, used 108238K [0x0000000740000000, 0x0000000749900000, 0x0000000795580000)
  object space 156672K, 69% used [0x0000000740000000,0x00000007469b3818,0x0000000749900000)
 Metaspace       used 75470K, capacity 77706K, committed 77912K, reserved 1118208K
  class space    used 9172K, capacity 9582K, committed 9600K, reserved 1048576K
Event: 8826.953 GC heap after
Heap after GC invocations=84 (full 5):
 PSYoungGen      total 331264K, used 38362K [0x0000000795580000, 0x00000007b0080000, 0x00000007c0000000)
  eden space 281088K, 0% used [0x0000000795580000,0x0000000795580000,0x00000007a6800000)
  from space 50176K, 76% used [0x00000007a6800000,0x00000007a8d76a68,0x00000007a9900000)
  to   space 54272K, 0% used [0x00000007acb80000,0x00000007acb80000,0x00000007b0080000)
 ParOldGen       total 156672K, used 112638K [0x0000000740000000, 0x0000000749900000, 0x0000000795580000)
  object space 156672K, 71% used [0x0000000740000000,0x0000000746dff818,0x0000000749900000)
 Metaspace       used 75470K, capacity 77706K, committed 77912K, reserved 1118208K
  class space    used 9172K, capacity 9582K, committed 9600K, reserved 1048576K
}
Event: 8832.021 GC heap before
{Heap before GC invocations=85 (full 5):
 PSYoungGen      total 331264K, used 319450K [0x0000000795580000, 0x00000007b0080000, 0x00000007c0000000)
  eden space 281088K, 100% used [0x0000000795580000,0x00000007a6800000,0x00000007a6800000)
  from space 50176K, 76% used [0x00000007a6800000,0x00000007a8d76a68,0x00000007a9900000)
  to   space 54272K, 0% used [0x00000007acb80000,0x00000007acb80000,0x00000007b0080000)
 ParOldGen       total 156672K, used 112638K [0x0000000740000000, 0x0000000749900000, 0x0000000795580000)
  object space 156672K, 71% used [0x0000000740000000,0x0000000746dff818,0x0000000749900000)
 Metaspace       used 77146K, capacity 79650K, committed 79960K, reserved 1120256K
  class space    used 9291K, capacity 9758K, committed 9856K, reserved 1048576K
Event: 8832.233 GC heap after
Heap after GC invocations=85 (full 5):
 PSYoungGen      total 378368K, used 41383K [0x0000000795580000, 0x00000007b0900000, 0x00000007c0000000)
  eden space 324096K, 0% used [0x0000000795580000,0x0000000795580000,0x00000007a9200000)
  from space 54272K, 76% used [0x00000007acb80000,0x00000007af3e9f70,0x00000007b0080000)
  to   space 58880K, 0% used [0x00000007a9200000,0x00000007a9200000,0x00000007acb80000)
 ParOldGen       total 156672K, used 117854K [0x0000000740000000, 0x0000000749900000, 0x0000000795580000)
  object space 156672K, 75% used [0x0000000740000000,0x0000000747317818,0x0000000749900000)
 Metaspace       used 77146K, capacity 79650K, committed 79960K, reserved 1120256K
  class space    used 9291K, capacity 9758K, committed 9856K, reserved 1048576K
}
Event: 8845.615 GC heap before
{Heap before GC invocations=86 (full 5):
 PSYoungGen      total 378368K, used 258724K [0x0000000795580000, 0x00000007b0900000, 0x00000007c0000000)
  eden space 324096K, 67% used [0x0000000795580000,0x00000007a29bf2b0,0x00000007a9200000)
  from space 54272K, 76% used [0x00000007acb80000,0x00000007af3e9f70,0x00000007b0080000)
  to   space 58880K, 0% used [0x00000007a9200000,0x00000007a9200000,0x00000007acb80000)
 ParOldGen       total 156672K, used 117854K [0x0000000740000000, 0x0000000749900000, 0x0000000795580000)
  object space 156672K, 75% used [0x0000000740000000,0x0000000747317818,0x0000000749900000)
 Metaspace       used 77217K, capacity 79800K, committed 79960K, reserved 1120256K
  class space    used 9304K, capacity 9784K, committed 9856K, reserved 1048576K
Event: 8845.727 GC heap after
Heap after GC invocations=86 (full 5):
 PSYoungGen      total 382976K, used 25899K [0x0000000795580000, 0x00000007b0400000, 0x00000007c0000000)
  eden space 324096K, 0% used [0x0000000795580000,0x0000000795580000,0x00000007a9200000)
  from space 58880K, 43% used [0x00000007a9200000,0x00000007aab4ad10,0x00000007acb80000)
  to   space 56320K, 0% used [0x00000007acd00000,0x00000007acd00000,0x00000007b0400000)
 ParOldGen       total 156672K, used 120541K [0x0000000740000000, 0x0000000749900000, 0x0000000795580000)
  object space 156672K, 76% used [0x0000000740000000,0x00000007475b75f8,0x0000000749900000)
 Metaspace       used 77217K, capacity 79800K, committed 79960K, reserved 1120256K
  class space    used 9304K, capacity 9784K, committed 9856K, reserved 1048576K
}
Event: 8845.727 GC heap before
{Heap before GC invocations=87 (full 6):
 PSYoungGen      total 382976K, used 25899K [0x0000000795580000, 0x00000007b0400000, 0x00000007c0000000)
  eden space 324096K, 0% used [0x0000000795580000,0x0000000795580000,0x00000007a9200000)
  from space 58880K, 43% used [0x00000007a9200000,0x00000007aab4ad10,0x00000007acb80000)
  to   space 56320K, 0% used [0x00000007acd00000,0x00000007acd00000,0x00000007b0400000)
 ParOldGen       total 156672K, used 120541K [0x0000000740000000, 0x0000000749900000, 0x0000000795580000)
  object space 156672K, 76% used [0x0000000740000000,0x00000007475b75f8,0x0000000749900000)
 Metaspace       used 77217K, capacity 79800K, committed 79960K, reserved 1120256K
  class space    used 9304K, capacity 9784K, committed 9856K, reserved 1048576K

